<?xml version="1.0" encoding="UTF-8"?>
<!-- Generated by org.testng.reporters.JUnitXMLReporter -->
<testsuite ignored="0" hostname="DESKTOP-392489H" failures="0" tests="6" name="Test" time="0.079" errors="0" timestamp="2024-09-29T16:57:37 IST">
  <testcase classname="dummyPackage.RegistrationTest" name="testcase1" time="0.0"/>
  <testcase classname="dummyPackage.RegistrationTest" name="testcase2" time="0.0"/>
  <testcase classname="dummyPackage.RegistrationTest" name="testcase3" time="0.0"/>
  <testcase classname="dummyPackage.LoginTest" name="testcase1" time="0.0"/>
  <testcase classname="dummyPackage.LoginTest" name="testcase2" time="0.0"/>
  <testcase classname="dummyPackage.LoginTest" name="testcase3" time="0.0"/>
</testsuite> <!-- Test -->
