<?xml version="1.0" encoding="UTF-8"?>
<testng-results ignored="0" total="6" passed="6" failed="0" skipped="0">
  <reporter-output>
  </reporter-output>
  <suite started-at="2024-09-29T16:57:37 IST" name="Suite" finished-at="2024-09-29T16:57:37 IST" duration-ms="79">
    <groups>
    </groups>
    <test started-at="2024-09-29T16:57:37 IST" name="Test" finished-at="2024-09-29T16:57:37 IST" duration-ms="79">
      <class name="dummyPackage.RegistrationTest">
        <test-method signature="testcase2()[pri:0, instance:dummyPackage.RegistrationTest@5629510]" started-at="2024-09-29T16:57:37 IST" name="testcase2" finished-at="2024-09-29T16:57:37 IST" duration-ms="0" status="PASS">
          <reporter-output>
          </reporter-output>
        </test-method> <!-- testcase2 -->
        <test-method signature="testcase1()[pri:0, instance:dummyPackage.RegistrationTest@5629510]" started-at="2024-09-29T16:57:37 IST" name="testcase1" finished-at="2024-09-29T16:57:37 IST" duration-ms="0" status="PASS">
          <reporter-output>
          </reporter-output>
        </test-method> <!-- testcase1 -->
        <test-method signature="testcase3()[pri:0, instance:dummyPackage.RegistrationTest@5629510]" started-at="2024-09-29T16:57:37 IST" name="testcase3" finished-at="2024-09-29T16:57:37 IST" duration-ms="0" status="PASS">
          <reporter-output>
          </reporter-output>
        </test-method> <!-- testcase3 -->
      </class> <!-- dummyPackage.RegistrationTest -->
      <class name="dummyPackage.LoginTest">
        <test-method signature="testcase2()[pri:0, instance:dummyPackage.LoginTest@2654635]" started-at="2024-09-29T16:57:37 IST" name="testcase2" finished-at="2024-09-29T16:57:37 IST" duration-ms="0" status="PASS">
          <reporter-output>
          </reporter-output>
        </test-method> <!-- testcase2 -->
        <test-method signature="testcase1()[pri:0, instance:dummyPackage.LoginTest@2654635]" started-at="2024-09-29T16:57:37 IST" name="testcase1" finished-at="2024-09-29T16:57:37 IST" duration-ms="0" status="PASS">
          <reporter-output>
          </reporter-output>
        </test-method> <!-- testcase1 -->
        <test-method signature="testcase3()[pri:0, instance:dummyPackage.LoginTest@2654635]" started-at="2024-09-29T16:57:37 IST" name="testcase3" finished-at="2024-09-29T16:57:37 IST" duration-ms="0" status="PASS">
          <reporter-output>
          </reporter-output>
        </test-method> <!-- testcase3 -->
      </class> <!-- dummyPackage.LoginTest -->
    </test> <!-- Test -->
  </suite> <!-- Suite -->
</testng-results>
